0 info it worked if it ends with ok
1 verbose cli [ '/usr/local/bin/node', '/usr/local/bin/npm', 'start' ]
2 info using npm@3.3.12
3 info using node@v4.2.4
4 verbose run-script [ 'prestart', 'start', 'poststart' ]
5 info lifecycle reactdocs@0.0.1~prestart: reactdocs@0.0.1
6 silly lifecycle reactdocs@0.0.1~prestart: no script for prestart, continuing
7 info lifecycle reactdocs@0.0.1~start: reactdocs@0.0.1
8 verbose lifecycle reactdocs@0.0.1~start: unsafe-perm in lifecycle true
9 verbose lifecycle reactdocs@0.0.1~start: PATH: /usr/local/lib/node_modules/npm/bin/node-gyp-bin:/Users/kfaria/Sites/walmart/reactdocs/node_modules/.bin:/Library/Java/JavaVirtualMachines/jdk1.7.0_79.jdk/Contents/Home//bin:/usr/local/share/npm/bin:/usr/local/opt/ruby/bin:/usr/local/bin:/usr/local/sbin:/usr/local/share/npm/bin:/usr/local/opt/ruby/bin:/usr/local/bin:/usr/local/sbin:/usr/bin:/bin:/usr/sbin:/sbin:/usr/local/bin
10 verbose lifecycle reactdocs@0.0.1~start: CWD: /Users/kfaria/Sites/walmart/reactdocs
11 silly lifecycle reactdocs@0.0.1~start: Args: [ '-c',
11 silly lifecycle   'node lib/build && webpack-dev-server --content-base app/  -w --port 3000 --progress --quiet --watch' ]
12 silly lifecycle reactdocs@0.0.1~start: Returned: code: 1  signal: null
13 info lifecycle reactdocs@0.0.1~start: Failed to exec start script
14 verbose stack Error: reactdocs@0.0.1 start: `node lib/build && webpack-dev-server --content-base app/  -w --port 3000 --progress --quiet --watch`
14 verbose stack Exit status 1
14 verbose stack     at EventEmitter.<anonymous> (/usr/local/lib/node_modules/npm/lib/utils/lifecycle.js:232:16)
14 verbose stack     at emitTwo (events.js:87:13)
14 verbose stack     at EventEmitter.emit (events.js:172:7)
14 verbose stack     at ChildProcess.<anonymous> (/usr/local/lib/node_modules/npm/lib/utils/spawn.js:24:14)
14 verbose stack     at emitTwo (events.js:87:13)
14 verbose stack     at ChildProcess.emit (events.js:172:7)
14 verbose stack     at maybeClose (internal/child_process.js:818:16)
14 verbose stack     at Process.ChildProcess._handle.onexit (internal/child_process.js:211:5)
15 verbose pkgid reactdocs@0.0.1
16 verbose cwd /Users/kfaria/Sites/walmart/reactdocs
17 error Darwin 14.3.0
18 error argv "/usr/local/bin/node" "/usr/local/bin/npm" "start"
19 error node v4.2.4
20 error npm  v3.3.12
21 error code ELIFECYCLE
22 error reactdocs@0.0.1 start: `node lib/build && webpack-dev-server --content-base app/  -w --port 3000 --progress --quiet --watch`
22 error Exit status 1
23 error Failed at the reactdocs@0.0.1 start script 'node lib/build && webpack-dev-server --content-base app/  -w --port 3000 --progress --quiet --watch'.
23 error Make sure you have the latest version of node.js and npm installed.
23 error If you do, this is most likely a problem with the reactdocs package,
23 error not with npm itself.
23 error Tell the author that this fails on your system:
23 error     node lib/build && webpack-dev-server --content-base app/  -w --port 3000 --progress --quiet --watch
23 error You can get their info via:
23 error     npm owner ls reactdocs
23 error There is likely additional logging output above.
24 verbose exit [ 1, true ]
